<?xml version="1.0" encoding="UTF-8" ?>
<testsuite tests="5" failures="0" name="com.restaurant.dao.UsersDaoTest" time="0" errors="0" skipped="4">
  <properties>
[...]
</properties>
  <testcase classname="com.restaurant.dao.UsersDaoTest" name="testRegistration" time="0">
    <skipped/>
  </testcase>
  <testcase classname="com.restaurant.dao.UsersDaoTest" name="testAuthorize" time="0">
    <skipped/>
  </testcase>
  <testcase classname="com.restaurant.dao.UsersDaoTest" name="testGetUserById" time="0">
    <skipped/>
  </testcase>
  <testcase classname="com.restaurant.dao.UsersDaoTest" name="testGetUsersList" time="0">
    <skipped/>
  </testcase>
  <testcase classname="com.restaurant.dao.UsersDaoTest" name="testGetRoleNameById" time="0"/>
</testsuite>