<?xml version="1.0" encoding="UTF-8" ?>
<testsuite tests="6" failures="0" name="com.restaurant.service.UsersServiceImplTest" time="0" errors="1" skipped="5">
  <properties>
[...]
</properties>
  <testcase classname="com.restaurant.service.UsersServiceImplTest" name="testRegistration" time="0">
    <skipped/>
  </testcase>
  <testcase classname="com.restaurant.service.UsersServiceImplTest" name="testAuthorize" time="0">
    <skipped/>
  </testcase>
  <testcase classname="com.restaurant.service.UsersServiceImplTest" name="testGetUserById" time="0">
    <skipped/>
  </testcase>
  <testcase classname="com.restaurant.service.UsersServiceImplTest" name="testGetUsersList" time="0">
    <skipped/>
  </testcase>
  <testcase classname="com.restaurant.service.UsersServiceImplTest" name="testEditUserProfile" time="0">
    <skipped/>
  </testcase>
  <testcase classname="com.restaurant.service.UsersServiceImplTest" name="testGetRoleNameById" time="0">
    <error type="java.lang.NullPointerException">java.lang.NullPointerException
	at com.restaurant.service.transaction.TransactionWrapper.beginTransaction(TransactionWrapper.java:38)
	at com.restaurant.service.impl.UsersServiceImpl.getRoleNameById(UsersServiceImpl.java:68)
	at com.restaurant.service.UsersServiceImplTest.testGetRoleNameById(UsersServiceImplTest.java:49)
	at sun.reflect.NativeMethodAccessorImpl.invoke0(Native Method)
	at sun.reflect.NativeMethodAccessorImpl.invoke(NativeMethodAccessorImpl.java:62)
	at sun.reflect.DelegatingMethodAccessorImpl.invoke(DelegatingMethodAccessorImpl.java:43)
	at java.lang.reflect.Method.invoke(Method.java:483)
	at org.junit.runners.model.FrameworkMethod$1.runReflectiveCall(FrameworkMethod.java:44)
	at org.junit.internal.runners.model.ReflectiveCallable.run(ReflectiveCallable.java:15)
	at org.junit.runners.model.FrameworkMethod.invokeExplosively(FrameworkMethod.java:41)
	at org.junit.internal.runners.statements.InvokeMethod.evaluate(InvokeMethod.java:20)
	at org.junit.runners.BlockJUnit4ClassRunner.runChild(BlockJUnit4ClassRunner.java:76)
	at org.junit.runners.BlockJUnit4ClassRunner.runChild(BlockJUnit4ClassRunner.java:50)
	at org.junit.runners.ParentRunner$3.run(ParentRunner.java:193)
	at org.junit.runners.ParentRunner$1.schedule(ParentRunner.java:52)
	at org.junit.runners.ParentRunner.runChildren(ParentRunner.java:191)
	at org.junit.runners.ParentRunner.access$000(ParentRunner.java:42)
	at org.junit.runners.ParentRunner$2.evaluate(ParentRunner.java:184)
	at org.junit.runners.ParentRunner.run(ParentRunner.java:236)
	at org.apache.maven.surefire.junit4.JUnit4Provider.execute(JUnit4Provider.java:252)
	at org.apache.maven.surefire.junit4.JUnit4Provider.executeTestSet(JUnit4Provider.java:141)
	at org.apache.maven.surefire.junit4.JUnit4Provider.invoke(JUnit4Provider.java:112)
	at sun.reflect.NativeMethodAccessorImpl.invoke0(Native Method)
	at sun.reflect.NativeMethodAccessorImpl.invoke(NativeMethodAccessorImpl.java:62)
	at sun.reflect.DelegatingMethodAccessorImpl.invoke(DelegatingMethodAccessorImpl.java:43)
	at java.lang.reflect.Method.invoke(Method.java:483)
	at org.apache.maven.surefire.util.ReflectionUtils.invokeMethodWithArray(ReflectionUtils.java:189)
	at org.apache.maven.surefire.booter.ProviderFactory$ProviderProxy.invoke(ProviderFactory.java:165)
	at org.apache.maven.surefire.booter.ProviderFactory.invokeProvider(ProviderFactory.java:85)
	at org.apache.maven.surefire.booter.ForkedBooter.runSuitesInProcess(ForkedBooter.java:115)
	at org.apache.maven.surefire.booter.ForkedBooter.main(ForkedBooter.java:75)
</error>
    <system-out>[INFO ] 2016-04-25 11:31:47.244 [main] UsersServiceImpl - Select data from Role table
[ERROR] 2016-04-25 11:31:47.244 [main] TransactionWrapper - Need to specify class name in environment or system property, or as an applet parameter, or in an application resource file:  java.naming.factory.initial
</system-out>
  </testcase>
</testsuite>